ISim log file
Running: /home/nikhilsamrat/fpgalink/test_isim_beh.exe -intstyle ise -gui -tclbatch isim.cmd -wdb /home/nikhilsamrat/fpgalink/test_isim_beh.wdb 
ISim P.20131013 (signature 0xfbc00daa)
WARNING: A WEBPACK license was found.
WARNING: Please use Xilinx License Configuration Manager to check out a full ISim license.
WARNING: ISim will run in Lite mode. Please refer to the ISim documentation for more information on the differences between the Lite and the Full version.
This is a Lite version of ISim.
Time resolution is 1 ps
# onerror resume
# wave add /
# run 1000 ns
Simulator is doing circuit initialization process.
Finished circuit initialization process.
ISim P.20131013 (signature 0xfbc00daa)
WARNING: A WEBPACK license was found.
WARNING: Please use Xilinx License Configuration Manager to check out a full ISim license.
WARNING: ISim will run in Lite mode. Please refer to the ISim documentation for more information on the differences between the Lite and the Full version.
This is a Lite version of ISim.
# run 1000 ns
Simulator is doing circuit initialization process.
Finished circuit initialization process.
# run 1.00us
# run 1.00us
# run 1.00us
# run 1.00us
# run 1.00us
# run 1.00us
# run 1.00us
# run 1.00us
# run 10s
Stopped at time : 71588230 ns : File "/home/nikhilsamrat/fpgalink/test.vhd" Line 107
# run 1000ms
Stopped at time : 248144465 ns : File "/home/nikhilsamrat/fpgalink/cksum_rtl.vhdl" Line 107
# step
Stopped at time : 248144465 ns : File "/home/nikhilsamrat/fpgalink/cksum_rtl.vhdl" Line 111
# step
Stopped at time : 248144465 ns : File "/home/nikhilsamrat/fpgalink/seven_seg.vhdl" Line 50
# step
Stopped at time : 248144465 ns : File "/home/nikhilsamrat/fpgalink/seven_seg.vhdl" Line 51
# restart
# run 1s.
Incorrect usage of command 'run'
Usage: run [ all | continue | <<time> [<unit>]> ]
for detailed help use 'help run'
# run 1s
Simulator is doing circuit initialization process.
Finished circuit initialization process.
Stopped at time : 544115430 ns : File "/home/nikhilsamrat/fpgalink/test.vhd" Line 106
